<?xml version="1.0" encoding="UTF-8"?>
<!-- Generated by org.testng.reporters.JUnitReportReporter -->
<testsuite hostname="Appu" failures="0" tests="7" name="sample.Sample1" time="0.019" errors="0" timestamp="2024-08-28T08:41:23 IST" skipped="0">
  <testcase classname="sample.Sample1" name="createUser" time="0.002"/>
  <system-out/>
  <testcase classname="sample.Sample1" name="createUser" time="0.001"/>
  <system-out/>
  <testcase classname="sample.Sample1" name="createUser" time="0.002"/>
  <system-out/>
  <testcase classname="sample.Sample1" name="createUser" time="0.010"/>
  <system-out/>
  <testcase classname="sample.Sample1" name="createUser" time="0.001"/>
  <system-out/>
  <testcase classname="sample.Sample1" name="modifyUser" time="0.002"/>
  <system-out/>
  <testcase classname="sample.Sample1" name="deleteUser" time="0.001"/>
  <system-out/>
</testsuite> <!-- sample.Sample1 -->
