<?xml version="1.0" encoding="UTF-8"?>
<!-- Generated by org.testng.reporters.JUnitReportReporter -->
<testsuite hostname="Appu" failures="0" tests="1" name="tc_Repository.ORG_02" time="41.872" errors="0" timestamp="2024-08-30T09:57:06 IST" skipped="0">
  <testcase classname="tc_Repository.ORG_02" name="org_02" time="41.872"/>
  <system-out/>
</testsuite> <!-- tc_Repository.ORG_02 -->
