<?xml version="1.0" encoding="UTF-8"?>
<!-- Generated by org.testng.reporters.JUnitReportReporter -->
<testsuite hostname="Appu" failures="0" tests="2" name="org.CRM.Remax.Sample1" time="0.041" errors="0" timestamp="2024-08-27T15:45:07 IST" skipped="0">
  <testcase classname="org.CRM.Remax.Sample1" name="createUser" time="0.039"/>
  <system-out/>
  <testcase classname="org.CRM.Remax.Sample1" name="deleteyUser" time="0.002"/>
  <system-out/>
</testsuite> <!-- org.CRM.Remax.Sample1 -->
