<?xml version="1.0" encoding="UTF-8"?>
<!-- Generated by org.testng.reporters.JUnitReportReporter -->
<testsuite hostname="Appu" failures="0" tests="1" name="tc_Repository.ORG_03" time="43.984" errors="0" timestamp="2024-08-30T09:57:06 IST" skipped="0">
  <testcase classname="tc_Repository.ORG_03" name="org_03" time="43.984"/>
  <system-out/>
</testsuite> <!-- tc_Repository.ORG_03 -->
