<?xml version="1.0" encoding="UTF-8"?>
<!-- Generated by org.testng.reporters.JUnitReportReporter -->
<testsuite hostname="Appu" failures="0" tests="1" name="tc_Repository.ORG_01" time="44.143" errors="0" timestamp="2024-08-30T09:57:06 IST" skipped="0">
  <testcase classname="tc_Repository.ORG_01" name="org_01" time="44.143"/>
  <system-out/>
</testsuite> <!-- tc_Repository.ORG_01 -->
