<?xml version="1.0" encoding="UTF-8"?>
<!-- Generated by org.testng.reporters.JUnitReportReporter -->
<testsuite hostname="Appu" failures="0" tests="1" name="tc_Repository.LE_04" time="50.025" errors="0" timestamp="2024-08-30T09:21:26 IST" skipped="0">
  <testcase classname="tc_Repository.LE_04" name="le_04Case" time="50.025"/>
  <system-out/>
</testsuite> <!-- tc_Repository.LE_04 -->
